2019-11-23 18:57:46,276 [INFO] Activator:176 - 


2019-11-23 18:57:46,282 [INFO] Activator:177 - !SESSION log4j initialized
2019-11-23 18:57:58,050 [INFO] ApplicationProperties:181 - Using Application install path: C:\ST\STM32CubeIDE_1.1.0\STM32CubeIDE\plugins\com.st.stm32cube.common.mx_5.4.0.201910091541
2019-11-23 18:57:58,072 [INFO] DbMcusXml:68 - Set database path to: C:\ST\STM32CubeIDE_1.1.0\STM32CubeIDE\plugins\com.st.stm32cube.common.mx_5.4.0.201910091541\\db\/mcu/
2019-11-23 18:57:58,079 [INFO] DbBoardsPdsc:54 - Set plugin database path to: C:\ST\STM32CubeIDE_1.1.0\STM32CubeIDE\plugins\com.st.stm32cube.common.mx_5.4.0.201910091541\\db\/plugins/boardmanager/
2019-11-23 18:57:58,080 [INFO] DbMcus:265 - Set plugin images path to: C:\ST\STM32CubeIDE_1.1.0\STM32CubeIDE\plugins\com.st.stm32cube.common.mx_5.4.0.201910091541\\db\/plugins/mcufinder/images/
2019-11-23 18:57:58,081 [INFO] DbBoards:232 - Set plugin images path to: C:\ST\STM32CubeIDE_1.1.0\STM32CubeIDE\plugins\com.st.stm32cube.common.mx_5.4.0.201910091541\\db\/plugins/mcufinder/images/
2019-11-23 18:57:58,084 [INFO] APIGFXSelector:72 - Set database path to: C:\ST\STM32CubeIDE_1.1.0\STM32CubeIDE\plugins\com.st.stm32cube.common.mx_5.4.0.201910091541\\db\/plugins/mcufinder/mcu/
2019-11-23 18:57:58,134 [ERROR] ApiFinderProperties:197 - Copy problem with src file : C:\ST\STM32CubeIDE_1.1.0\STM32CubeIDE\plugins\com.st.stm32cube.common.mx_5.4.0.201910091541\db\plugins\mcufinder\mcu\csand target file : C:\Users\fede_\.stmcufinder\plugins\mcufinder\mcu\cs
2019-11-23 18:57:58,289 [WARN] ApiFinderProperties:106 - C:\Users\fede_\.stmcufinder\plugins\mcufinder\mcu\mcuFinder.mfd doesn't exist
2019-11-23 18:57:58,293 [INFO] DbMcusAds:72 - Set database path to: C:\Users\fede_\.stmcufinder\plugins\mcufinder//mcu/
2019-11-23 18:57:58,295 [INFO] DbMcusDocs:92 - Set database path to: C:\Users\fede_\.stmcufinder\plugins\mcufinder//mcu/
2019-11-23 18:57:58,299 [INFO] DbMcusJson:59 - Set database path to: C:\Users\fede_\.stmcufinder\plugins\mcufinder//mcu/
2019-11-23 18:57:58,300 [INFO] DbBoardsDocs:84 - Set database path to: C:\Users\fede_\.stmcufinder\plugins\mcufinder//mcu/
2019-11-23 18:57:58,302 [INFO] DbBoardsJson:51 - Set database path to: C:\Users\fede_\.stmcufinder\plugins\mcufinder//mcu/
2019-11-23 18:57:58,563 [INFO] CrossReferenceDbSqlite:197 - Set database path to: C:\Users\fede_\.stmcufinder\plugins\mcufinder//mcu/cs/
2019-11-23 18:57:58,763 [INFO] RulesReader:52 - Compatibility file has been processed (179 Rules)
2019-11-23 18:57:58,966 [INFO] MicroXplorer:570 - Detected Java Version = 1.8.0_202
2019-11-23 18:57:58,968 [INFO] DbMcusXml:68 - Set database path to: C:\ST\STM32CubeIDE_1.1.0\STM32CubeIDE\plugins\com.st.stm32cube.common.mx_5.4.0.201910091541\\db\/mcu/
2019-11-23 18:57:58,969 [INFO] DbBoardsPdsc:54 - Set plugin database path to: C:\ST\STM32CubeIDE_1.1.0\STM32CubeIDE\plugins\com.st.stm32cube.common.mx_5.4.0.201910091541\\db\/plugins/boardmanager/
2019-11-23 18:57:58,969 [INFO] DbMcus:265 - Set plugin images path to: C:\ST\STM32CubeIDE_1.1.0\STM32CubeIDE\plugins\com.st.stm32cube.common.mx_5.4.0.201910091541\\db\/plugins/mcufinder/images/
2019-11-23 18:57:58,970 [INFO] DbBoards:232 - Set plugin images path to: C:\ST\STM32CubeIDE_1.1.0\STM32CubeIDE\plugins\com.st.stm32cube.common.mx_5.4.0.201910091541\\db\/plugins/mcufinder/images/
2019-11-23 18:57:58,970 [INFO] APIGFXSelector:72 - Set database path to: C:\ST\STM32CubeIDE_1.1.0\STM32CubeIDE\plugins\com.st.stm32cube.common.mx_5.4.0.201910091541\\db\/plugins/mcufinder/mcu/
2019-11-23 18:57:58,970 [WARN] DbFile:31 - Overriding database path with different value: C:\Users\fede_\.stmcufinder\plugins\mcufinder/ => C:\Users\fede_\.stmcufinder\plugins\mcufinder
2019-11-23 18:57:58,971 [INFO] DbMcusAds:72 - Set database path to: C:\Users\fede_\.stmcufinder\plugins\mcufinder//mcu/
2019-11-23 18:57:58,972 [WARN] DbFile:31 - Overriding database path with different value: C:\Users\fede_\.stmcufinder\plugins\mcufinder/ => C:\Users\fede_\.stmcufinder\plugins\mcufinder
2019-11-23 18:57:58,972 [INFO] DbMcusDocs:92 - Set database path to: C:\Users\fede_\.stmcufinder\plugins\mcufinder//mcu/
2019-11-23 18:57:58,973 [WARN] DbFile:31 - Overriding database path with different value: C:\Users\fede_\.stmcufinder\plugins\mcufinder/ => C:\Users\fede_\.stmcufinder\plugins\mcufinder
2019-11-23 18:57:58,973 [INFO] DbMcusJson:59 - Set database path to: C:\Users\fede_\.stmcufinder\plugins\mcufinder//mcu/
2019-11-23 18:57:58,973 [WARN] DbFile:31 - Overriding database path with different value: C:\Users\fede_\.stmcufinder\plugins\mcufinder/ => C:\Users\fede_\.stmcufinder\plugins\mcufinder
2019-11-23 18:57:58,974 [INFO] DbBoardsDocs:84 - Set database path to: C:\Users\fede_\.stmcufinder\plugins\mcufinder//mcu/
2019-11-23 18:57:58,974 [WARN] DbFile:31 - Overriding database path with different value: C:\Users\fede_\.stmcufinder\plugins\mcufinder/ => C:\Users\fede_\.stmcufinder\plugins\mcufinder
2019-11-23 18:57:58,974 [INFO] DbBoardsJson:51 - Set database path to: C:\Users\fede_\.stmcufinder\plugins\mcufinder//mcu/
2019-11-23 18:57:58,975 [WARN] DbFile:31 - Overriding database path with different value: C:\Users\fede_\.stmcufinder\plugins\mcufinder/ => C:\Users\fede_\.stmcufinder\plugins\mcufinder
2019-11-23 18:57:58,975 [WARN] DbFile:31 - Overriding database path with different value: C:\Users\fede_\.stmcufinder\plugins\mcufinder/ => C:\Users\fede_\.stmcufinder\plugins\mcufinder
2019-11-23 18:57:58,976 [INFO] CrossReferenceDbSqlite:197 - Set database path to: C:\Users\fede_\.stmcufinder\plugins\mcufinder//mcu/cs/
2019-11-23 18:57:59,131 [INFO] MainPanel:185 - HeapMemory: 268435456
2019-11-23 18:57:59,233 [INFO] DbMcusXml:68 - Set database path to: C:\ST\STM32CubeIDE_1.1.0\STM32CubeIDE\plugins\com.st.stm32cube.common.mx_5.4.0.201910091541\\db\/mcu/
2019-11-23 18:57:59,233 [INFO] DbBoardsPdsc:54 - Set plugin database path to: C:\ST\STM32CubeIDE_1.1.0\STM32CubeIDE\plugins\com.st.stm32cube.common.mx_5.4.0.201910091541\\db\/plugins/boardmanager/
2019-11-23 18:57:59,234 [INFO] DbMcus:265 - Set plugin images path to: C:\ST\STM32CubeIDE_1.1.0\STM32CubeIDE\plugins\com.st.stm32cube.common.mx_5.4.0.201910091541\\db\/plugins/mcufinder/images/
2019-11-23 18:57:59,234 [INFO] DbBoards:232 - Set plugin images path to: C:\ST\STM32CubeIDE_1.1.0\STM32CubeIDE\plugins\com.st.stm32cube.common.mx_5.4.0.201910091541\\db\/plugins/mcufinder/images/
2019-11-23 18:57:59,235 [INFO] APIGFXSelector:72 - Set database path to: C:\ST\STM32CubeIDE_1.1.0\STM32CubeIDE\plugins\com.st.stm32cube.common.mx_5.4.0.201910091541\\db\/plugins/mcufinder/mcu/
2019-11-23 18:57:59,235 [WARN] DbFile:31 - Overriding database path with different value: C:\Users\fede_\.stmcufinder\plugins\mcufinder/ => C:\Users\fede_\.stmcufinder\plugins\mcufinder
2019-11-23 18:57:59,236 [INFO] DbMcusAds:72 - Set database path to: C:\Users\fede_\.stmcufinder\plugins\mcufinder//mcu/
2019-11-23 18:57:59,236 [WARN] DbFile:31 - Overriding database path with different value: C:\Users\fede_\.stmcufinder\plugins\mcufinder/ => C:\Users\fede_\.stmcufinder\plugins\mcufinder
2019-11-23 18:57:59,236 [INFO] DbMcusDocs:92 - Set database path to: C:\Users\fede_\.stmcufinder\plugins\mcufinder//mcu/
2019-11-23 18:57:59,237 [WARN] DbFile:31 - Overriding database path with different value: C:\Users\fede_\.stmcufinder\plugins\mcufinder/ => C:\Users\fede_\.stmcufinder\plugins\mcufinder
2019-11-23 18:57:59,237 [INFO] DbMcusJson:59 - Set database path to: C:\Users\fede_\.stmcufinder\plugins\mcufinder//mcu/
2019-11-23 18:57:59,237 [WARN] DbFile:31 - Overriding database path with different value: C:\Users\fede_\.stmcufinder\plugins\mcufinder/ => C:\Users\fede_\.stmcufinder\plugins\mcufinder
2019-11-23 18:57:59,237 [INFO] DbBoardsDocs:84 - Set database path to: C:\Users\fede_\.stmcufinder\plugins\mcufinder//mcu/
2019-11-23 18:57:59,238 [WARN] DbFile:31 - Overriding database path with different value: C:\Users\fede_\.stmcufinder\plugins\mcufinder/ => C:\Users\fede_\.stmcufinder\plugins\mcufinder
2019-11-23 18:57:59,238 [INFO] DbBoardsJson:51 - Set database path to: C:\Users\fede_\.stmcufinder\plugins\mcufinder//mcu/
2019-11-23 18:57:59,239 [WARN] DbFile:31 - Overriding database path with different value: C:\Users\fede_\.stmcufinder\plugins\mcufinder/ => C:\Users\fede_\.stmcufinder\plugins\mcufinder
2019-11-23 18:57:59,239 [WARN] DbFile:31 - Overriding database path with different value: C:\Users\fede_\.stmcufinder\plugins\mcufinder/ => C:\Users\fede_\.stmcufinder\plugins\mcufinder
2019-11-23 18:57:59,239 [INFO] CrossReferenceDbSqlite:197 - Set database path to: C:\Users\fede_\.stmcufinder\plugins\mcufinder//mcu/cs/
2019-11-23 18:57:59,269 [INFO] ApplicationProperties:181 - Using Application install path: C:\ST\STM32CubeIDE_1.1.0\STM32CubeIDE\plugins\com.st.stm32cube.common.mx_5.4.0.201910091541
2019-11-23 18:57:59,271 [INFO] PluginManage:178 - Search for loadable plugins [exclusion list=]
2019-11-23 18:57:59,273 [INFO] PluginManage:292 - Check plugin analytics
2019-11-23 18:57:59,285 [INFO] PluginManage:342 - Loaded plugin analytics (category:tool,tabindex:-1)
2019-11-23 18:57:59,285 [INFO] PluginManage:292 - Check plugin clock
2019-11-23 18:57:59,303 [INFO] PluginManage:342 - Loaded plugin clock (category:base,tabindex:2)
2019-11-23 18:57:59,304 [INFO] PluginManage:292 - Check plugin ddr
2019-11-23 18:57:59,307 [INFO] PluginManage:342 - Loaded plugin ddr (category:tool,tabindex:6)
2019-11-23 18:57:59,307 [INFO] PluginManage:292 - Check plugin filemanager
2019-11-23 18:57:59,475 [INFO] PluginManage:342 - Loaded plugin filemanager (category:base,tabindex:10)
2019-11-23 18:57:59,476 [INFO] PluginManage:292 - Check plugin ipmanager
2019-11-23 18:57:59,492 [INFO] PluginManage:342 - Loaded plugin ipmanager (category:base,tabindex:5)
2019-11-23 18:57:59,492 [INFO] PluginManage:292 - Check plugin pinoutandconfiguration
2019-11-23 18:57:59,507 [INFO] PluginManage:342 - Loaded plugin pinoutandconfiguration (category:base,tabindex:1)
2019-11-23 18:57:59,507 [INFO] PluginManage:292 - Check plugin pinoutconfig
2019-11-23 18:57:59,536 [INFO] PluginManage:342 - Loaded plugin pinoutconfig (category:base,tabindex:0)
2019-11-23 18:57:59,536 [INFO] PluginManage:292 - Check plugin power
2019-11-23 18:57:59,548 [INFO] PluginManage:342 - Loaded plugin power (category:power,tabindex:4)
2019-11-23 18:57:59,548 [INFO] PluginManage:292 - Check plugin projectmanager
2019-11-23 18:57:59,569 [INFO] PluginManage:342 - Loaded plugin projectmanager (category:projectmanager,tabindex:3)
2019-11-23 18:57:59,569 [INFO] PluginManage:292 - Check plugin thirdparty
2019-11-23 18:57:59,592 [INFO] ThirdPartyDb:294 - Open Third Party DataBase File (C:/Users/fede_/.stm32cubemx/plugins/thirdparty/db/thirdparties_db.xml) : 0 ms. number of Sw pack : 0
2019-11-23 18:57:59,610 [INFO] PluginManage:342 - Loaded plugin thirdparty (category:base,tabindex:-1)
2019-11-23 18:57:59,610 [INFO] PluginManage:292 - Check plugin tools
2019-11-23 18:57:59,613 [INFO] PluginManage:342 - Loaded plugin tools (category:base,tabindex:7)
2019-11-23 18:57:59,613 [INFO] PluginManage:292 - Check plugin updater
2019-11-23 18:57:59,630 [INFO] PluginManage:342 - Loaded plugin updater (category:base,tabindex:12)
2019-11-23 18:57:59,631 [INFO] PluginManage:265 - PluginManage : Loaded plugins [12]
2019-11-23 18:57:59,908 [INFO] PinOutPanel:1367 - setPackage(No Configuration,No Configuration)
2019-11-23 18:58:00,097 [INFO] IPUIPlugin:63 - create IPUIPlugin
2019-11-23 18:58:00,097 [INFO] PluginManager:200 - loadIPPluginJar : add adc
2019-11-23 18:58:00,102 [INFO] IPUIPlugin:63 - create IPUIPlugin
2019-11-23 18:58:00,103 [INFO] PluginManager:200 - loadIPPluginJar : add aes
2019-11-23 18:58:00,108 [INFO] IPUIPlugin:63 - create IPUIPlugin
2019-11-23 18:58:00,108 [INFO] PluginManager:200 - loadIPPluginJar : add can
2019-11-23 18:58:00,111 [INFO] IPUIPlugin:63 - create IPUIPlugin
2019-11-23 18:58:00,112 [INFO] PluginManager:200 - loadIPPluginJar : add comp
2019-11-23 18:58:00,116 [INFO] IPUIPlugin:63 - create IPUIPlugin
2019-11-23 18:58:00,117 [INFO] PluginManager:200 - loadIPPluginJar : add cryp
2019-11-23 18:58:00,122 [INFO] IPUIPlugin:63 - create IPUIPlugin
2019-11-23 18:58:00,122 [INFO] PluginManager:200 - loadIPPluginJar : add dfsdm
2019-11-23 18:58:00,133 [INFO] IPUIPlugin:63 - create IPUIPlugin
2019-11-23 18:58:00,135 [INFO] PluginManager:200 - loadIPPluginJar : add dma
2019-11-23 18:58:00,138 [INFO] IPUIPlugin:63 - create IPUIPlugin
2019-11-23 18:58:00,139 [INFO] PluginManager:200 - loadIPPluginJar : add fatfs
2019-11-23 18:58:00,148 [INFO] IPUIPlugin:63 - create IPUIPlugin
2019-11-23 18:58:00,149 [INFO] PluginManager:200 - loadIPPluginJar : add fmc
2019-11-23 18:58:00,160 [INFO] IPUIPlugin:63 - create IPUIPlugin
2019-11-23 18:58:00,161 [INFO] PluginManager:200 - loadIPPluginJar : add freertos
2019-11-23 18:58:00,165 [INFO] IPUIPlugin:63 - create IPUIPlugin
2019-11-23 18:58:00,165 [INFO] PluginManager:200 - loadIPPluginJar : add genericplugin
2019-11-23 18:58:00,170 [INFO] IPUIPlugin:63 - create IPUIPlugin
2019-11-23 18:58:00,170 [INFO] PluginManager:200 - loadIPPluginJar : add gfxmmu
2019-11-23 18:58:00,176 [INFO] IPUIPlugin:63 - create IPUIPlugin
2019-11-23 18:58:00,177 [INFO] PluginManager:200 - loadIPPluginJar : add gfxsimulator
2019-11-23 18:58:00,186 [INFO] IPUIPlugin:63 - create IPUIPlugin
2019-11-23 18:58:00,187 [INFO] PluginManager:200 - loadIPPluginJar : add gic
2019-11-23 18:58:00,192 [INFO] IPUIPlugin:63 - create IPUIPlugin
2019-11-23 18:58:00,193 [INFO] PluginManager:200 - loadIPPluginJar : add gpio
2019-11-23 18:58:00,197 [INFO] IPUIPlugin:63 - create IPUIPlugin
2019-11-23 18:58:00,198 [INFO] PluginManager:200 - loadIPPluginJar : add gtzc
2019-11-23 18:58:00,202 [INFO] IPUIPlugin:63 - create IPUIPlugin
2019-11-23 18:58:00,202 [INFO] PluginManager:200 - loadIPPluginJar : add hash
2019-11-23 18:58:00,206 [INFO] IPUIPlugin:63 - create IPUIPlugin
2019-11-23 18:58:00,207 [INFO] PluginManager:200 - loadIPPluginJar : add i2c
2019-11-23 18:58:00,211 [INFO] IPUIPlugin:63 - create IPUIPlugin
2019-11-23 18:58:00,211 [INFO] PluginManager:200 - loadIPPluginJar : add i2s
2019-11-23 18:58:00,216 [INFO] IPUIPlugin:63 - create IPUIPlugin
2019-11-23 18:58:00,217 [INFO] PluginManager:200 - loadIPPluginJar : add ipddr
2019-11-23 18:58:00,220 [INFO] IPUIPlugin:63 - create IPUIPlugin
2019-11-23 18:58:00,221 [INFO] PluginManager:200 - loadIPPluginJar : add ltdc
2019-11-23 18:58:00,228 [INFO] IPUIPlugin:63 - create IPUIPlugin
2019-11-23 18:58:00,228 [INFO] PluginManager:200 - loadIPPluginJar : add mdma
2019-11-23 18:58:00,234 [INFO] IPUIPlugin:63 - create IPUIPlugin
2019-11-23 18:58:00,235 [INFO] PluginManager:200 - loadIPPluginJar : add nvic
2019-11-23 18:58:00,240 [INFO] IPUIPlugin:63 - create IPUIPlugin
2019-11-23 18:58:00,241 [INFO] PluginManager:200 - loadIPPluginJar : add opamp
2019-11-23 18:58:00,246 [INFO] IPUIPlugin:63 - create IPUIPlugin
2019-11-23 18:58:00,246 [INFO] PluginManager:200 - loadIPPluginJar : add pdm2pcm
2019-11-23 18:58:00,259 [INFO] IPUIPlugin:63 - create IPUIPlugin
2019-11-23 18:58:00,265 [INFO] PluginManager:200 - loadIPPluginJar : add plateformsettings
2019-11-23 18:58:00,269 [INFO] IPUIPlugin:63 - create IPUIPlugin
2019-11-23 18:58:00,270 [INFO] PluginManager:200 - loadIPPluginJar : add quadspi
2019-11-23 18:58:00,276 [INFO] IPUIPlugin:63 - create IPUIPlugin
2019-11-23 18:58:00,277 [INFO] PluginManager:200 - loadIPPluginJar : add resmgrutility
2019-11-23 18:58:00,282 [INFO] IPUIPlugin:63 - create IPUIPlugin
2019-11-23 18:58:00,283 [INFO] PluginManager:200 - loadIPPluginJar : add sai
2019-11-23 18:58:00,288 [INFO] IPUIPlugin:63 - create IPUIPlugin
2019-11-23 18:58:00,288 [INFO] PluginManager:200 - loadIPPluginJar : add spi
2019-11-23 18:58:00,293 [INFO] IPUIPlugin:63 - create IPUIPlugin
2019-11-23 18:58:00,294 [INFO] PluginManager:200 - loadIPPluginJar : add stm32_wpan
2019-11-23 18:58:00,297 [INFO] IPUIPlugin:63 - create IPUIPlugin
2019-11-23 18:58:00,297 [INFO] PluginManager:200 - loadIPPluginJar : add tim
2019-11-23 18:58:00,304 [INFO] IPUIPlugin:63 - create IPUIPlugin
2019-11-23 18:58:00,304 [INFO] PluginManager:200 - loadIPPluginJar : add touchsensing
2019-11-23 18:58:00,308 [INFO] IPUIPlugin:63 - create IPUIPlugin
2019-11-23 18:58:00,309 [INFO] PluginManager:200 - loadIPPluginJar : add tracer_emb
2019-11-23 18:58:00,312 [INFO] IPUIPlugin:63 - create IPUIPlugin
2019-11-23 18:58:00,313 [INFO] PluginManager:200 - loadIPPluginJar : add ts
2019-11-23 18:58:00,316 [INFO] IPUIPlugin:63 - create IPUIPlugin
2019-11-23 18:58:00,317 [INFO] PluginManager:200 - loadIPPluginJar : add tsc
2019-11-23 18:58:00,321 [INFO] IPUIPlugin:63 - create IPUIPlugin
2019-11-23 18:58:00,321 [INFO] PluginManager:200 - loadIPPluginJar : add ucpd
2019-11-23 18:58:00,327 [INFO] IPUIPlugin:63 - create IPUIPlugin
2019-11-23 18:58:00,327 [INFO] PluginManager:200 - loadIPPluginJar : add usart
2019-11-23 18:58:00,810 [INFO] BoardConnectionPanel:220 - [DDR PANEL] osNameString: Windows
2019-11-23 18:58:01,032 [INFO] BoardConnectionPanel:3149 - [DDR PANEL] STM32CubeIDE environment
2019-11-23 18:58:01,033 [INFO] MainDdrPanel:100 - [DDR PANEL] GETTER - cubeProgrammerPath is: null
2019-11-23 18:58:01,284 [FATAL] Updater:277 - Updater called before beeing initialized
2019-11-23 18:58:01,626 [FATAL] Updater:277 - Updater called before beeing initialized
2019-11-23 18:58:01,640 [INFO] PinOutPanel:1367 - setPackage(No Configuration,No Configuration)
2019-11-23 18:58:01,641 [FATAL] Updater:277 - Updater called before beeing initialized
2019-11-23 18:58:01,650 [INFO] BoardConnectionPanel:3149 - [DDR PANEL] STM32CubeIDE environment
2019-11-23 18:58:01,651 [INFO] MainDdrPanel:100 - [DDR PANEL] GETTER - cubeProgrammerPath is: C:\ST\STM32CubeIDE_1.1.0\STM32CubeIDE\plugins\com.st.stm32cube.ide.mcu.externaltools.cubeprogrammer.win32_1.1.0.201910081157\tools\bin
2019-11-23 18:58:01,661 [INFO] ProgrammerExecThread:148 - [ProgrammerAPI] CubeProgrammer command construction: C:\ST\STM32CubeIDE_1.1.0\STM32CubeIDE\plugins\com.st.stm32cube.ide.mcu.externaltools.cubeprogrammer.win32_1.1.0.201910081157\tools\bin\STM32_Programmer_CLI.exe -l
2019-11-23 18:58:01,863 [INFO] MainDdrPanel:90 - [DDR PANEL] SETTER - Set cubeProgrammerPath to: C:\ST\STM32CubeIDE_1.1.0\STM32CubeIDE\plugins\com.st.stm32cube.ide.mcu.externaltools.cubeprogrammer.win32_1.1.0.201910081157\tools\bin
2019-11-23 18:58:01,870 [INFO] Updater:886 - Updater Version found : 5.4.0
2019-11-23 18:58:01,897 [INFO] ApplicationProperties:181 - Using Application install path: C:\ST\STM32CubeIDE_1.1.0\STM32CubeIDE\plugins\com.st.stm32cube.common.mx_5.4.0.201910091541
2019-11-23 18:58:01,966 [INFO] MainUpdater:452 - Copy updater definitions from MX database
2019-11-23 18:58:02,050 [INFO] MainUpdater:485 - Copy flag file definitions from MX database
2019-11-23 18:58:02,054 [INFO] MainUpdater:501 - Copy thirdparty index definitions from MX database
2019-11-23 18:58:02,057 [INFO] MainUpdater:520 - Copy default thirdparty db definitions from MX database
2019-11-23 18:58:02,165 [INFO] MainUpdater:2232 - connection check result : 10
2019-11-23 18:58:02,165 [INFO] MainUpdater:2859 - Updater definition file requires update
2019-11-23 18:58:02,167 [INFO] MainUpdater:236 - Updater Check For Update Now.
2019-11-23 18:58:02,168 [INFO] MicroXplorer:420 - Change Database Version : DB.5.0.40
2019-11-23 18:58:02,607 [WARN] MainUpdater:1075 - Updater busy. Cannot search thirdparties
2019-11-23 18:58:02,640 [INFO] ServerAccessManage:348 - Download File updaters.zip
2019-11-23 18:58:02,799 [INFO] FileExtend:210 - Unzip File : updaters.zip
2019-11-23 18:58:02,799 [INFO] FileExtend:225 - Standard Zip Deflate
2019-11-23 18:58:05,609 [WARN] MainUpdater:1075 - Updater busy. Cannot search thirdparties
2019-11-23 18:58:05,944 [INFO] ServerAccessManage:348 - Download File PacksControlFlags.xml
2019-11-23 18:58:06,544 [INFO] ServerAccessManage:348 - Download File cubemx.pidx
2019-11-23 18:58:06,927 [INFO] ServerAccessManage:348 - Download File STMicroelectronics.X-CUBE-BLE1.pdsc
2019-11-23 18:58:08,609 [WARN] MainUpdater:1075 - Updater busy. Cannot search thirdparties
2019-11-23 18:58:09,818 [ERROR] ServerAccessManage:947 - Problem, file not found on Server
2019-11-23 18:58:10,267 [INFO] ServerAccessManage:348 - Download File STMicroelectronics.X-CUBE-MEMS1.pdsc
2019-11-23 18:58:10,294 [INFO] MainUpdater:2232 - connection check result : 10
2019-11-23 18:58:10,297 [INFO] LogOutputStream:76 - [STDOUT_REDIRECT] Successfull proxy connection.
2019-11-23 18:58:10,451 [INFO] McuFinderGlobals:40 - Set McuFinder mode to 2 (CubeIDE integrated)
2019-11-23 18:58:10,477 [INFO] FinderPluginLoader:86 - Searching for filters in installed packs
2019-11-23 18:58:10,480 [INFO] DbMcusXml:106 - Load MCU database from C:\ST\STM32CubeIDE_1.1.0\STM32CubeIDE\plugins\com.st.stm32cube.common.mx_5.4.0.201910091541\\db\/mcu/families.xml
2019-11-23 18:58:11,610 [WARN] MainUpdater:1075 - Updater busy. Cannot search thirdparties
2019-11-23 18:58:11,735 [INFO] DbMcusJson:87 - JSON generation date=Mon Sep 23 06:35:45 ART 2019 (1569231345)
2019-11-23 18:58:13,201 [INFO] ServerAccessManage:348 - Download File STMicroelectronics.X-CUBE-AI.pdsc
2019-11-23 18:58:13,680 [INFO] DbMcus:193 - Found 1544 MCUs (1504 are supported by CubeMX, 1504 are visible in CubeMX)
2019-11-23 18:58:13,681 [INFO] ApiDb:147 - User favorites file not found: C:\Users\fede_/.stm32cubeide/favorites.mcus.txt
2019-11-23 18:58:13,681 [INFO] DbMcus:204 - Set 0 / 0 favorites MCUs
2019-11-23 18:58:14,610 [WARN] MainUpdater:1075 - Updater busy. Cannot search thirdparties
2019-11-23 18:58:14,839 [INFO] ServerAccessManage:348 - Download File STMicroelectronics.X-CUBE-NFC4.pdsc
2019-11-23 18:58:15,278 [INFO] DbMcusAds:130 - JSON generation date=Wed Feb 20 13:46:15 ART 2019 (1550681175)
2019-11-23 18:58:15,279 [WARN] McuDetailPanel:183 - Failed to get advertising image, set to default
2019-11-23 18:58:16,336 [INFO] DbMcusDocs:126 - JSON generation date=Mon Sep 23 06:35:45 ART 2019 (1569231345)
2019-11-23 18:58:16,484 [INFO] ServerAccessManage:348 - Download File STMicroelectronics.X-CUBE-GNSS1.pdsc
2019-11-23 18:58:16,810 [INFO] DbMcusDocs:61 - Found 525 MCUs documents
2019-11-23 18:58:16,811 [INFO] ApiDb:186 - Save user favorites file C:\Users\fede_/.stm32cubeide/favorites.mcus.txt: 0 item(s)
2019-11-23 18:58:16,811 [INFO] ApiDb:191 - User favorites MCUs=[]
2019-11-23 18:58:16,812 [INFO] DbMcusXml:106 - Load MCU database from C:\ST\STM32CubeIDE_1.1.0\STM32CubeIDE\plugins\com.st.stm32cube.common.mx_5.4.0.201910091541\\db\/mcu/families.xml
2019-11-23 18:58:17,612 [WARN] MainUpdater:1075 - Updater busy. Cannot search thirdparties
2019-11-23 18:58:17,839 [INFO] DbMcusJson:87 - JSON generation date=Mon Sep 23 06:35:45 ART 2019 (1569231345)
2019-11-23 18:58:17,856 [ERROR] ServerAccessManage:947 - Problem, file not found on Server
2019-11-23 18:58:18,612 [ERROR] ServerAccessManage:947 - Problem, file not found on Server
2019-11-23 18:58:19,364 [ERROR] ServerAccessManage:947 - Problem, file not found on Server
2019-11-23 18:58:19,821 [INFO] DbMcus:193 - Found 1544 MCUs (1504 are supported by CubeMX, 1504 are visible in CubeMX)
2019-11-23 18:58:19,823 [INFO] ApiDb:158 - Load user favorites file C:\Users\fede_/.stm32cubeide/favorites.mcus.txt: 0 item(s)
2019-11-23 18:58:19,823 [INFO] ApiDb:163 - User favorites MCUs=[]
2019-11-23 18:58:19,824 [INFO] DbMcus:204 - Set 0 / 0 favorites MCUs
2019-11-23 18:58:19,906 [ERROR] ServerAccessManage:947 - Problem, file not found on Server
2019-11-23 18:58:20,006 [INFO] McuFilterPanel:282 - Update 0 favorites MCUs
2019-11-23 18:58:20,647 [WARN] MainUpdater:1075 - Updater busy. Cannot search thirdparties
2019-11-23 18:58:20,654 [ERROR] ServerAccessManage:947 - Problem, file not found on Server
2019-11-23 18:58:20,854 [INFO] DbBoardsDocs:118 - JSON generation date=Mon Sep 23 06:35:45 ART 2019 (1569231345)
2019-11-23 18:58:20,879 [INFO] DbBoardsPdsc:92 - Found 19 items
2019-11-23 18:58:20,882 [INFO] DbBoardsPdsc:92 - Found 9 items
2019-11-23 18:58:20,890 [INFO] DbBoardsPdsc:92 - Found 27 items
2019-11-23 18:58:20,892 [INFO] DbBoardsPdsc:92 - Found 1 items
2019-11-23 18:58:20,904 [INFO] DbBoardsPdsc:92 - Found 38 items
2019-11-23 18:58:20,929 [INFO] DbBoardsPdsc:92 - Found 38 items
2019-11-23 18:58:20,933 [INFO] DbBoardsPdsc:92 - Found 1 items
2019-11-23 18:58:20,994 [INFO] DbBoardsJson:79 - JSON generation date=Fri Sep 27 08:37:26 ART 2019 (1569584246)
2019-11-23 18:58:21,009 [INFO] DbBoards:120 - Found 133 boards (132 are supported by CubeMX)
2019-11-23 18:58:21,023 [INFO] DbBoardsDocs:118 - JSON generation date=Mon Sep 23 06:35:45 ART 2019 (1569231345)
2019-11-23 18:58:21,061 [INFO] DbBoardsDocs:57 - Found 160 boards documents
2019-11-23 18:58:21,066 [WARN] DbBoards:130 - board NUCLEO-H743ZI2 has no document id list !
2019-11-23 18:58:21,069 [WARN] DbBoards:130 - board P-NUCLEO-WB55-Nucleo has no document id list !
2019-11-23 18:58:21,069 [WARN] DbBoards:130 - board P-NUCLEO-WB55-USBDongle has no document id list !
2019-11-23 18:58:21,069 [WARN] DbBoards:130 - board P-NUCLEO-WB55 has no document id list !
2019-11-23 18:58:21,070 [WARN] DbBoards:130 - board STM32F401C-DISCO has no document id list !
2019-11-23 18:58:21,071 [WARN] DbBoards:130 - board STM32F769I-DISC1 has no document id list !
2019-11-23 18:58:21,072 [WARN] DbBoards:130 - board STM32L-DISCOVERY has no document id list !
2019-11-23 18:58:21,074 [WARN] DbBoards:130 - board STM32H747I-DISC1 has no document id list !
2019-11-23 18:58:21,075 [WARN] DbBoards:130 - board STM32MP157A-DK1 has no document id list !
2019-11-23 18:58:21,075 [WARN] DbBoards:130 - board STM32L562E-DK has no document id list !
2019-11-23 18:58:21,075 [WARN] DbBoards:130 - board STM32100E-EVAL has no document id list !
2019-11-23 18:58:21,076 [WARN] DbBoards:130 - board STM32303C-EVAL has no document id list !
2019-11-23 18:58:21,076 [WARN] DbBoards:130 - board STM32L152D-EVAL has no document id list !
2019-11-23 18:58:21,077 [WARN] DbBoards:130 - board STM32H743I-EVAL2 has no document id list !
2019-11-23 18:58:21,077 [WARN] DbBoards:130 - board STM32H753I-EVAL2 has no document id list !
2019-11-23 18:58:21,078 [WARN] DbBoards:130 - board STM32G474E-EVAL1 has no document id list !
2019-11-23 18:58:21,078 [WARN] DbBoards:130 - board STM32L552E-EV has no document id list !
2019-11-23 18:58:21,079 [WARN] DbBoards:130 - board STEVAL-MKSBOX1V1 has no document id list !
2019-11-23 18:58:21,406 [ERROR] ServerAccessManage:947 - Problem, file not found on Server
2019-11-23 18:58:21,483 [INFO] LoadServerUpdatesThread:287 - End of LoadServerUpdate Thread
2019-11-23 18:58:21,709 [INFO] CheckServerUpdateThread:92 - End of CheckServer Thread
2019-11-23 18:58:21,966 [INFO] PopulateThirdPartyThread:82 - Ending populate Thread
2019-11-23 18:58:21,974 [INFO] ThirdPartyDb:264 - Close Third Party DataBase File (C:/Users/fede_/.stm32cubemx/plugins/thirdparty/db/thirdparties_db.xml)
2019-11-23 18:58:22,068 [INFO] ThirdPartyDb:294 - Open Third Party DataBase File (C:/Users/fede_/.stm32cubemx/plugins/thirdparty/db/thirdparties_db.xml) : 7 ms. number of Sw pack : 5
2019-11-23 18:58:22,070 [INFO] Engine:437 - softwarePackList size : 5
2019-11-23 18:58:22,087 [INFO] Engine:449 - compute dependency for SwPack X-CUBE-BLE1 have been done, and update is requested
2019-11-23 18:58:22,395 [INFO] Engine:449 - compute dependency for SwPack X-CUBE-MEMS1 have been done, and update is requested
2019-11-23 18:58:22,405 [INFO] Engine:449 - compute dependency for SwPack X-CUBE-AI have been done, and update is requested
2019-11-23 18:58:22,415 [INFO] Engine:449 - compute dependency for SwPack X-CUBE-NFC4 have been done, and update is requested
2019-11-23 18:58:22,435 [INFO] Engine:449 - compute dependency for SwPack X-CUBE-GNSS1 have been done, and update is requested
2019-11-23 18:58:22,443 [INFO] ThirdPartyDb:264 - Close Third Party DataBase File (C:/Users/fede_/.stm32cubemx/plugins/thirdparty/db/thirdparties_db.xml)
2019-11-23 18:58:22,524 [INFO] ThirdPartyDb:294 - Open Third Party DataBase File (C:/Users/fede_/.stm32cubemx/plugins/thirdparty/db/thirdparties_db.xml) : 8 ms. number of Sw pack : 5
2019-11-23 18:58:22,524 [ERROR] Engine:78 - Software Pack is missing : STMicroelectronics.X-CUBE-BLE1.4.4.0
2019-11-23 18:58:22,524 [ERROR] ThirdParty:717 - Engine buildDependencyDb : invalid pack or unsuported pack STMicroelectronics.X-CUBE-BLE1.4.4.0
2019-11-23 18:58:22,526 [ERROR] Engine:78 - Software Pack is missing : STMicroelectronics.X-CUBE-MEMS1.7.0.0
2019-11-23 18:58:22,526 [ERROR] ThirdParty:717 - Engine buildDependencyDb : invalid pack or unsuported pack STMicroelectronics.X-CUBE-MEMS1.7.0.0
2019-11-23 18:58:22,526 [ERROR] Engine:78 - Software Pack is missing : STMicroelectronics.X-CUBE-AI.4.1.0
2019-11-23 18:58:22,526 [ERROR] ThirdParty:717 - Engine buildDependencyDb : invalid pack or unsuported pack STMicroelectronics.X-CUBE-AI.4.1.0
2019-11-23 18:58:22,526 [ERROR] Engine:78 - Software Pack is missing : STMicroelectronics.X-CUBE-NFC4.1.5.0
2019-11-23 18:58:22,526 [ERROR] ThirdParty:717 - Engine buildDependencyDb : invalid pack or unsuported pack STMicroelectronics.X-CUBE-NFC4.1.5.0
2019-11-23 18:58:22,526 [ERROR] Engine:78 - Software Pack is missing : STMicroelectronics.X-CUBE-GNSS1.3.1.0
2019-11-23 18:58:22,526 [ERROR] ThirdParty:717 - Engine buildDependencyDb : invalid pack or unsuported pack STMicroelectronics.X-CUBE-GNSS1.3.1.0
2019-11-23 18:58:23,416 [ERROR] DbBoards:192 - Image file not found for board STM32G0316-DISCO: C:\ST\STM32CubeIDE_1.1.0\STM32CubeIDE\plugins\com.st.stm32cube.common.mx_5.4.0.201910091541\\db\/plugins/mcufinder/images/boards/stm32g0316discovery_small.jpg
2019-11-23 18:58:23,679 [INFO] ThirdPartyDb:264 - Close Third Party DataBase File (C:/Users/fede_/.stm32cubemx/plugins/thirdparty/db/thirdparties_db.xml)
2019-11-23 18:58:23,724 [INFO] ThirdPartyDb:294 - Open Third Party DataBase File (C:/Users/fede_/.stm32cubemx/plugins/thirdparty/db/thirdparties_db.xml) : 5 ms. number of Sw pack : 5
2019-11-23 18:58:23,724 [INFO] ThirdPartyDb:264 - Close Third Party DataBase File (C:/Users/fede_/.stm32cubemx/plugins/thirdparty/db/thirdparties_db.xml)
2019-11-23 18:58:23,746 [INFO] IntegrityCheckThread:97 - End integrity checks thread
2019-11-23 18:58:24,062 [INFO] ApiDb:147 - User favorites file not found: C:\Users\fede_/.stm32cubeide/favorites.boards.txt
2019-11-23 18:58:24,063 [INFO] DbBoards:209 - Set 0 / 0 favorites Boards
2019-11-23 18:58:24,072 [INFO] DbBoardsDocs:57 - Found 320 boards documents
2019-11-23 18:58:24,074 [INFO] ApiDb:186 - Save user favorites file C:\Users\fede_/.stm32cubeide/favorites.boards.txt: 0 item(s)
2019-11-23 18:58:24,074 [INFO] ApiDb:191 - User favorites Boards=[]
2019-11-23 18:58:24,081 [INFO] DbBoardsPdsc:92 - Found 19 items
2019-11-23 18:58:24,084 [INFO] DbBoardsPdsc:92 - Found 9 items
2019-11-23 18:58:24,088 [INFO] DbBoardsPdsc:92 - Found 27 items
2019-11-23 18:58:24,090 [INFO] DbBoardsPdsc:92 - Found 1 items
2019-11-23 18:58:24,099 [INFO] DbBoardsPdsc:92 - Found 38 items
2019-11-23 18:58:24,108 [INFO] DbBoardsPdsc:92 - Found 38 items
2019-11-23 18:58:24,110 [INFO] DbBoardsPdsc:92 - Found 1 items
2019-11-23 18:58:24,149 [INFO] DbBoardsJson:79 - JSON generation date=Fri Sep 27 08:37:26 ART 2019 (1569584246)
2019-11-23 18:58:24,161 [INFO] DbBoards:120 - Found 133 boards (132 are supported by CubeMX)
2019-11-23 18:58:24,163 [WARN] DbBoards:130 - board NUCLEO-H743ZI2 has no document id list !
2019-11-23 18:58:24,166 [WARN] DbBoards:130 - board P-NUCLEO-WB55-Nucleo has no document id list !
2019-11-23 18:58:24,166 [WARN] DbBoards:130 - board P-NUCLEO-WB55-USBDongle has no document id list !
2019-11-23 18:58:24,167 [WARN] DbBoards:130 - board P-NUCLEO-WB55 has no document id list !
2019-11-23 18:58:24,168 [WARN] DbBoards:130 - board STM32F401C-DISCO has no document id list !
2019-11-23 18:58:24,169 [WARN] DbBoards:130 - board STM32F769I-DISC1 has no document id list !
2019-11-23 18:58:24,170 [WARN] DbBoards:130 - board STM32L-DISCOVERY has no document id list !
2019-11-23 18:58:24,173 [WARN] DbBoards:130 - board STM32H747I-DISC1 has no document id list !
2019-11-23 18:58:24,174 [WARN] DbBoards:130 - board STM32MP157A-DK1 has no document id list !
2019-11-23 18:58:24,174 [WARN] DbBoards:130 - board STM32L562E-DK has no document id list !
2019-11-23 18:58:24,175 [WARN] DbBoards:130 - board STM32100E-EVAL has no document id list !
2019-11-23 18:58:24,175 [WARN] DbBoards:130 - board STM32303C-EVAL has no document id list !
2019-11-23 18:58:24,176 [WARN] DbBoards:130 - board STM32L152D-EVAL has no document id list !
2019-11-23 18:58:24,177 [WARN] DbBoards:130 - board STM32H743I-EVAL2 has no document id list !
2019-11-23 18:58:24,177 [WARN] DbBoards:130 - board STM32H753I-EVAL2 has no document id list !
2019-11-23 18:58:24,178 [WARN] DbBoards:130 - board STM32G474E-EVAL1 has no document id list !
2019-11-23 18:58:24,178 [WARN] DbBoards:130 - board STM32L552E-EV has no document id list !
2019-11-23 18:58:24,178 [WARN] DbBoards:130 - board STEVAL-MKSBOX1V1 has no document id list !
2019-11-23 18:58:25,039 [ERROR] DbBoards:192 - Image file not found for board STM32G0316-DISCO: C:\ST\STM32CubeIDE_1.1.0\STM32CubeIDE\plugins\com.st.stm32cube.common.mx_5.4.0.201910091541\\db\/plugins/mcufinder/images/boards/stm32g0316discovery_small.jpg
2019-11-23 18:58:25,481 [INFO] ApiDb:158 - Load user favorites file C:\Users\fede_/.stm32cubeide/favorites.boards.txt: 0 item(s)
2019-11-23 18:58:25,481 [INFO] ApiDb:163 - User favorites Boards=[]
2019-11-23 18:58:25,482 [INFO] DbBoards:209 - Set 0 / 0 favorites Boards
2019-11-23 18:58:26,646 [INFO] ServerAccessManage:348 - Download File 
2019-11-23 18:58:27,494 [INFO] LoadUrlFilesThread:161 - End of LoadServerUrlFiles without Thread
2019-11-23 18:58:27,511 [INFO] McuFilterPanel:282 - Update 0 favorites MCUs
2019-11-23 18:58:27,972 [INFO] LoadUrlFilesThread:161 - End of LoadServerUrlFiles without Thread
2019-11-23 18:58:27,995 [INFO] BoardDetailPanel:179 - Set advertising image to C:/Users/fede_/STM32Cube/Repository/\PRSTM32MP10219-01-med.jpg
2019-11-23 18:58:28,054 [INFO] BoardFilterPanel:211 - Update 0 favorites Boards
2019-11-23 18:58:28,534 [INFO] CrossSelectorPresenter:1319 - Cross Selector saved comparison directory: C:\Users\fede_\.stmcufinder\plugins\mcufinder\mcu\cs_comparisons_mx
2019-11-23 18:59:13,011 [INFO] LogOutputStream:76 - [STDOUT_REDIRECT] withoutVersionV1.24.1
2019-11-23 18:59:13,012 [INFO] LogOutputStream:76 - [STDOUT_REDIRECT] withoutVersionV1.24.0
2019-11-23 18:59:16,659 [INFO] LogOutputStream:76 - [STDOUT_REDIRECT] File copied successfully!!
2019-11-23 18:59:17,874 [INFO] MainUpdater:2232 - connection check result : 10
2019-11-23 18:59:17,877 [INFO] LogOutputStream:76 - [STDOUT_REDIRECT] Successfull proxy connection.
2019-11-23 18:59:17,927 [INFO] MicroXplorer:390 - Change Database Path : 
2019-11-23 18:59:17,927 [INFO] MicroXplorer:420 - Change Database Version : DB.5.0.40
2019-11-23 18:59:17,930 [INFO] PinOutPanel:1367 - setPackage(No Configuration,No Configuration)
2019-11-23 18:59:17,931 [INFO] UtilMem:74 - Begin LoadConfig() Used Memory: 513626952 Bytes (994050048)
2019-11-23 18:59:17,933 [INFO] OpenFileManager:269 - Change cursor
2019-11-23 18:59:21,586 [INFO] Rule:205 - rule SPDIFRX instance for mcu is applicable
2019-11-23 18:59:21,586 [INFO] Rule:205 - rule Rename Tracer Mode is applicable
2019-11-23 18:59:21,587 [INFO] Rule:205 - rule SPDIFRX instance value for IP SPDIFRX is applicable
2019-11-23 18:59:21,587 [INFO] Rule:205 - rule SPDIFRX instance for signal is applicable
2019-11-23 18:59:21,587 [INFO] Rule:205 - rule SPDIFRX instance for project manager is applicable
2019-11-23 18:59:21,587 [INFO] Rule:205 - rule SPDIFRX instance for project manager is applicable
2019-11-23 18:59:21,587 [INFO] Rule:205 - rule ADC Scan  fix with FW F7 is applicable
2019-11-23 18:59:21,587 [INFO] Rule:205 - rule ADC Scan  fix with FW F7 is applicable
2019-11-23 18:59:21,588 [INFO] Rule:205 - rule UART/USART WORD LENGTH 7 is applicable
2019-11-23 18:59:21,588 [INFO] Rule:205 - rule UART/USART WORD LENGTH 8 is applicable
2019-11-23 18:59:21,588 [INFO] Rule:205 - rule UART/USART WORD LENGTH 9 is applicable
2019-11-23 18:59:21,588 [INFO] Rule:205 - rule ADC SamplingTime fix with FW L0  is applicable
2019-11-23 18:59:21,588 [INFO] Rule:205 - rule ADC SamplingTime fix with FW L0  is applicable
2019-11-23 18:59:21,589 [INFO] Rule:205 - rule ADC SamplingTime fix with FW L0 is applicable
2019-11-23 18:59:21,589 [INFO] Rule:205 - rule ADC SamplingTime fix with FW L0 is applicable
2019-11-23 18:59:21,589 [INFO] Rule:205 - rule ADC SamplingTime fix with FW L0  is applicable
2019-11-23 18:59:21,589 [INFO] Rule:205 - rule ADC SamplingTime fix with FW L0 is applicable
2019-11-23 18:59:21,589 [INFO] Rule:205 - rule Rename USB_OE Signal is applicable
2019-11-23 18:59:21,589 [INFO] Rule:205 - rule Rename Activate_OE Mode is applicable
2019-11-23 18:59:21,590 [INFO] Rule:205 - rule Rename DIE462/DIE415 pin PC14/OSC32_IN -> PC14-OSC32_IN (PC14) is applicable
2019-11-23 18:59:21,590 [INFO] Rule:205 - rule Rename DIE462/DIE415 pin PC15/OSC32_OUT -> PC15-OSC32_OUT (PC15) is applicable
2019-11-23 18:59:21,590 [INFO] Rule:205 - rule Rename DIE462/DIE415 pin PH0/OSC_IN -> PH0-OSC_IN (PH0) is applicable
2019-11-23 18:59:21,590 [INFO] Rule:205 - rule Rename DIE462/DIE415 pin PH1/OSC_OUT -> PH1-OSC_OUT (PH1) is applicable
2019-11-23 18:59:21,590 [INFO] Rule:205 - rule Rename DIE462 pin PA13 -> PA13 (JTMS/SWDIO) is applicable
2019-11-23 18:59:21,590 [INFO] Rule:205 - rule Rename DIE415 pin PA13 -> PA13 (JTMS/SWDIO) is applicable
2019-11-23 18:59:21,592 [INFO] Rule:205 - rule Rename DIE462 pin PA14 -> PA14 (JTCK/SWCLK) is applicable
2019-11-23 18:59:21,592 [INFO] Rule:205 - rule Rename DIE415 pin PA14 -> PA14 (JTCK/SWCLK) is applicable
2019-11-23 18:59:21,592 [INFO] Rule:205 - rule Rename DIE462/DIE415 pin PA15 -> PA15 (JTDI) is applicable
2019-11-23 18:59:21,592 [INFO] Rule:205 - rule Rename DIE462 pin PB3 -> PB3 (JTD0/TRACESWO) is applicable
2019-11-23 18:59:21,593 [INFO] Rule:205 - rule Rename DIE415 pin PB3 -> PB3 (JTD0-TRACESWO) is applicable
2019-11-23 18:59:21,593 [INFO] Rule:205 - rule Rename DIE462/DIE415 pin PB4 -> PB4 (NJTRST) is applicable
2019-11-23 18:59:21,593 [INFO] Rule:205 - rule Rename DIE462 pin PH3/BOOT0 -> PH3-BOOT0 (BOOT0) is applicable
2019-11-23 18:59:21,593 [INFO] Rule:205 - rule Rename CRYP DataEncryptionTypesList to Algorithm is applicable
2019-11-23 18:59:21,594 [INFO] Rule:205 - rule Rename AES DataEncryptionTypesList to Algorithm is applicable
2019-11-23 18:59:21,594 [INFO] Rule:205 - rule Rename TDESECB to CRYP_TDES_ECB is applicable
2019-11-23 18:59:21,594 [INFO] Rule:205 - rule Rename TDESCBC to CRYP_TDES_CBC is applicable
2019-11-23 18:59:21,594 [INFO] Rule:205 - rule Rename DESECB to CRYP_DES_ECB is applicable
2019-11-23 18:59:21,594 [INFO] Rule:205 - rule Rename DESCBC to CRYP_DES_CBC is applicable
2019-11-23 18:59:21,595 [INFO] Rule:205 - rule Rename AESECB to CRYP_AES_ECB is applicable
2019-11-23 18:59:21,595 [INFO] Rule:205 - rule Rename AESCBC to CRYP_AES_CBC is applicable
2019-11-23 18:59:21,595 [INFO] Rule:205 - rule Rename AESCTR to CRYP_AES_CTR is applicable
2019-11-23 18:59:21,595 [INFO] Rule:205 - rule Rename AESGCM to CRYP_AES_GCM is applicable
2019-11-23 18:59:21,595 [INFO] Rule:205 - rule Rename AESCCM to CRYP_AES_CCM is applicable
2019-11-23 18:59:21,596 [INFO] Rule:205 - rule Rename CAN TimeSeg1 to BS1 is applicable
2019-11-23 18:59:21,596 [INFO] Rule:205 - rule Rename CAN TimeSeg2 to BS2 is applicable
2019-11-23 18:59:21,596 [INFO] Rule:205 - rule Rename CAN SyncJumpWidth to SJW is applicable
2019-11-23 18:59:21,596 [INFO] Rule:205 - rule TimeTriggeredMode to TTCM is applicable
2019-11-23 18:59:21,596 [INFO] Rule:205 - rule Rename CAN AutoBusOff to ABOM is applicable
2019-11-23 18:59:21,597 [INFO] Rule:205 - rule Rename CAN AutoWakeUp to AWUM is applicable
2019-11-23 18:59:21,597 [INFO] Rule:205 - rule Rename CAN AutoRetransmission to NART is applicable
2019-11-23 18:59:21,597 [INFO] Rule:205 - rule Rename CAN ReceiveFifoLocked to RFLM is applicable
2019-11-23 18:59:21,597 [INFO] Rule:205 - rule Rename CAN TransmitFifoPriority to TXFP is applicable
2019-11-23 18:59:21,597 [INFO] Rule:205 - rule Rename HRTIMER HRTIM_OUTPUTFAULTLEVEL_HIGH in HRTIMER HRTIM_OUTPUTFAULTLEVEL_HIGHZ is applicable
2019-11-23 18:59:21,598 [INFO] Rule:205 - rule Rename TIMER TIM_CLEARINPUTSOURCE_OCREFCLR in  TIMER TIM_CLEARINPUTSOURCE_NONE for F7 family is applicable
2019-11-23 18:59:21,598 [INFO] Rule:205 - rule FDCAN_R1 - Rename FDCAN mode Master into Classic is applicable
2019-11-23 18:59:21,598 [INFO] Rule:205 - rule FDCAN_R2 - Rename FDCAN mode Slave into Classic is applicable
2019-11-23 18:59:21,598 [INFO] Rule:205 - rule FDCAN1_R3 - if PA10.Mode=FullDuplex, add Pin PA12 is applicable
2019-11-23 18:59:21,598 [INFO] Rule:205 - rule FDCAN1_R3 - if PA9.Mode=FullDuplex, add Pin PA11 is applicable
2019-11-23 18:59:21,599 [INFO] Rule:205 - rule FDCAN1_R3 - Alternatepin_1 - if PE1.Mode=FullDuplex, add Pin PB9 is applicable
2019-11-23 18:59:21,599 [INFO] Rule:205 - rule FDCAN1_R3 - Alternatepin_1 - if PE0.Mode=FullDuplex, add Pin PB8 is applicable
2019-11-23 18:59:21,599 [INFO] Rule:205 - rule FDCAN1_R3 - Alternatepin_2 - if PD5.Mode=FullDuplex, add Pin PD1 is applicable
2019-11-23 18:59:21,599 [INFO] Rule:205 - rule FDCAN1_R3 - Alternatepin_2 - if PD4.Mode=FullDuplex, add Pin PD0 is applicable
2019-11-23 18:59:21,600 [INFO] Rule:205 - rule FDCAN1_R4 - Rename Mode FullDuplex into Enable FDCAN_TXFD for pin PA10 is applicable
2019-11-23 18:59:21,600 [INFO] Rule:205 - rule FDCAN1_R4 - Rename Mode FullDuplex into Enable FDCAN_TXFD for pin PA9 is applicable
2019-11-23 18:59:21,600 [INFO] Rule:205 - rule FDCAN1_R4 - Alternatepin_1 - Rename Mode FullDuplex into Enable FDCAN_TXFD for pin PE1 is applicable
2019-11-23 18:59:21,600 [INFO] Rule:205 - rule FDCAN1_R4 - Alternatepin_1 - Rename Mode FullDuplex into Enable FDCAN_TXFD for pin PE0 is applicable
2019-11-23 18:59:21,600 [INFO] Rule:205 - rule FDCAN1_R4 - Alternatepin_2 - Rename Mode FullDuplex into Enable FDCAN_TXFD for pin PD5 is applicable
2019-11-23 18:59:21,601 [INFO] Rule:205 - rule FDCAN1_R4 - Alternatepin_2 - Rename Mode FullDuplex into Enable FDCAN_TXFD for pin PD4 is applicable
2019-11-23 18:59:21,601 [INFO] Rule:205 - rule FDCAN2_R3 - if PD10.Mode=FullDuplex, add Pin PB13 is applicable
2019-11-23 18:59:21,601 [INFO] Rule:205 - rule FDCAN2_R3 - if PD9.Mode=FullDuplex, add Pin PB12 is applicable
2019-11-23 18:59:21,601 [INFO] Rule:205 - rule FDCAN2_R3 - Alternatepin_1 - if PB7.Mode=FullDuplex, add Pin PB6 is applicable
2019-11-23 18:59:21,602 [INFO] Rule:205 - rule FDCAN2_R3 - Alternatepin_1 - if PD9.Mode=FullDuplex, add Pin PB12 is applicable
2019-11-23 18:59:21,602 [INFO] Rule:205 - rule FDCAN2_R4 - Rename Mode FullDuplex into Enable FDCAN_TXFD for pin PD10 is applicable
2019-11-23 18:59:21,602 [INFO] Rule:205 - rule FDCAN2_R4 - Rename Mode FullDuplex into Enable FDCAN_TXFD for pin PD9 is applicable
2019-11-23 18:59:21,602 [INFO] Rule:205 - rule FDCAN2_R4 - Alternatepin_1 - Rename Mode FullDuplex into Enable FDCAN_TXFD for pin PB7 is applicable
2019-11-23 18:59:21,602 [INFO] Rule:205 - rule FDCAN2_R4 - Alternatepin_1 - Rename Mode FullDuplex into Enable FDCAN_TXFD for pin PD6 is applicable
2019-11-23 18:59:21,603 [INFO] Rule:205 - rule USART TxPinLevelInvertParam Mode is applicable
2019-11-23 18:59:21,603 [INFO] Rule:205 - rule USART RxPinLevelInvertParam Mode is applicable
2019-11-23 18:59:21,603 [INFO] Rule:205 - rule USART DataInvertParam Mode is applicable
2019-11-23 18:59:21,603 [INFO] Rule:205 - rule USART SwapParam Mode is applicable
2019-11-23 18:59:21,604 [INFO] Rule:205 - rule USART OverrunDisableParam Mode is applicable
2019-11-23 18:59:21,604 [INFO] Rule:205 - rule USART DMADisableonRxErrorParam Mode is applicable
2019-11-23 18:59:21,604 [INFO] Rule:205 - rule USART MSBFirstParam Mode is applicable
2019-11-23 18:59:21,604 [INFO] Rule:205 - rule Update MwName for USB_DEVICE is applicable
2019-11-23 18:59:21,604 [INFO] Rule:205 - rule Change PWR_Regulator_Voltage_Scale Default Value for RCC  H7 family is applicable
2019-11-23 18:59:21,605 [INFO] Rule:205 - rule UART/USART IPParameter rename Prescaler parameter to ClockPrescaler is applicable
2019-11-23 18:59:21,605 [INFO] Rule:205 - rule UART/USART Prescaler rename Prescaler parameter to ClockPrescaler is applicable
2019-11-23 18:59:21,605 [INFO] Rule:205 - rule TIM1CLockSelection is applicable
2019-11-23 18:59:21,605 [INFO] Rule:205 - rule TIM15CLockSelection is applicable
2019-11-23 18:59:21,605 [INFO] Rule:205 - rule align RCC SDMMC3CLockSelection default value on MP1 is applicable
2019-11-23 18:59:21,606 [INFO] Rule:205 - rule align RCC SDMMC12CLockSelection default value on MP1 is applicable
2019-11-23 18:59:21,606 [INFO] Rule:205 - rule align RCC QSPICLockSelection default value on MP1 is applicable
2019-11-23 18:59:21,606 [INFO] Rule:205 - rule align RCC QSPICLockSelection default value on MP1 is applicable
2019-11-23 18:59:21,606 [INFO] Rule:205 - rule align RCC SPI6CLockSelection default value on MP1 is applicable
2019-11-23 18:59:21,606 [INFO] Rule:205 - rule align RCC LPTIM23CLockSelection default value on MP1 is applicable
2019-11-23 18:59:21,607 [INFO] Rule:205 - rule align RCC LPTIM1CLockSelection default value on MP1 is applicable
2019-11-23 18:59:21,607 [INFO] Rule:205 - rule align RCC USART1CLockSelection default value on MP1 is applicable
2019-11-23 18:59:21,607 [INFO] Rule:205 - rule align RCC USART24CLockSelection default value on MP1 is applicable
2019-11-23 18:59:21,607 [INFO] Rule:205 - rule align RCC USART6CLockSelection default value on MP1 is applicable
2019-11-23 18:59:21,608 [INFO] Rule:205 - rule align RCC UART78CLockSelection default value on MP1 is applicable
2019-11-23 18:59:21,608 [INFO] Rule:205 - rule align RCC USART35CLockSelection default value on MP1 is applicable
2019-11-23 18:59:21,608 [INFO] Rule:205 - rule align RCC SPI45CLockSelection default value on MP1 is applicable
2019-11-23 18:59:21,608 [INFO] Rule:205 - rule align RCC I2C46CLockSelection BCLK value on MP1 is applicable
2019-11-23 18:59:21,608 [INFO] Rule:205 - rule align RCC SPI45CLockSelection default value on MP1 is applicable
2019-11-23 18:59:21,609 [INFO] Rule:205 - rule align RCC I2C12CLockSelection default value on MP1 is applicable
2019-11-23 18:59:21,609 [INFO] Rule:205 - rule align RCC I2C35CLockSelection default value on MP1 is applicable
2019-11-23 18:59:21,609 [INFO] Rule:205 - rule align RCC LPTIM45CLockSelection default value on MP1 is applicable
2019-11-23 18:59:21,609 [INFO] Rule:205 - rule Rename DCMI PIXCK signal is applicable
2019-11-23 18:59:21,610 [INFO] Rule:205 - rule Change Default Value for I2C46CLockSelection MP1 family is applicable
2019-11-23 18:59:21,610 [INFO] Rule:205 - rule Change Default Value for UART for G4, G0 and WB families is applicable
2019-11-23 18:59:21,610 [INFO] Rule:205 - rule Change Default Value for USART for G4, G0 and WB families is applicable
2019-11-23 18:59:21,610 [INFO] Rule:205 - rule Change Default Value for USART for G4 family is applicable
2019-11-23 18:59:21,656 [INFO] DbConfProperties:222 - Apply Compatibility (30/112 Rules)
2019-11-23 18:59:21,698 [INFO] ImportTextPane:162 - (OptionalMessage_ERROR) Unable to find key (Mcu.ThirdPartyNb) in loaded IOC file
2019-11-23 18:59:21,822 [INFO] ImportTextPane:162 - (OptionalMessage_ERROR) IP (RCC) : Parameter (RTCHSEDivFreq_Value) has invalid value (4000000)
2019-11-23 18:59:22,260 [INFO] UtilMem:74 - End LoadConfig() Used Memory: 711285552 Bytes (994050048)
2019-11-23 18:59:22,275 [INFO] ThirdPartyDb:294 - Open Third Party DataBase File (C:/Users/fede_/.stm32cubemx/plugins/thirdparty/db/thirdparties_db.xml) : 5 ms. number of Sw pack : 5
2019-11-23 18:59:22,351 [INFO] ThirdParty:897 - CMSIS Pack Vendor :STMicroelectronics X-CUBE-BLE1 4.4.0
2019-11-23 18:59:22,352 [INFO] ThirdParty:897 - CMSIS Pack Vendor :STMicroelectronics X-CUBE-MEMS1 7.0.0
2019-11-23 18:59:22,352 [INFO] ThirdParty:897 - CMSIS Pack Vendor :STMicroelectronics X-CUBE-AI 4.1.0
2019-11-23 18:59:22,352 [INFO] ThirdParty:897 - CMSIS Pack Vendor :STMicroelectronics X-CUBE-NFC4 1.5.0
2019-11-23 18:59:22,352 [INFO] ThirdParty:897 - CMSIS Pack Vendor :STMicroelectronics X-CUBE-GNSS1 3.1.0
2019-11-23 18:59:22,760 [INFO] PinOutPanel:1367 - setPackage(No Configuration,No Configuration)
2019-11-23 18:59:22,763 [INFO] PinOutPanel:1367 - setPackage(STM32F411VETx,LQFP100)
2019-11-23 18:59:23,528 [INFO] UtilMem:74 - Before build in PCC Used Memory: 794943128 Bytes (994050048)
2019-11-23 18:59:24,028 [INFO] SharedServices:71 - Folder for power plug-in: C:/Users/fede_/.stm32cubemx/plugins/power
2019-11-23 18:59:24,029 [INFO] UtilMem:74 - After build in PCC Used Memory: 808574616 Bytes (994050048)
2019-11-23 18:59:24,049 [INFO] BlockDiagram:1827 - stop enableDisableButtons
2019-11-23 18:59:24,049 [INFO] IPUIPlugin:63 - create IPUIPlugin
2019-11-23 18:59:24,050 [INFO] IPUIPlugin:63 - create IPUIPlugin
2019-11-23 18:59:24,050 [INFO] IPUIPlugin:63 - create IPUIPlugin
2019-11-23 18:59:24,051 [INFO] IPUIPlugin:63 - create IPUIPlugin
2019-11-23 18:59:24,051 [INFO] IPUIPlugin:63 - create IPUIPlugin
2019-11-23 18:59:24,051 [INFO] IPUIPlugin:63 - create IPUIPlugin
2019-11-23 18:59:24,052 [INFO] IPUIPlugin:63 - create IPUIPlugin
2019-11-23 18:59:24,052 [INFO] IPUIPlugin:63 - create IPUIPlugin
2019-11-23 18:59:24,052 [INFO] IPUIPlugin:63 - create IPUIPlugin
2019-11-23 18:59:24,053 [INFO] IPUIPlugin:63 - create IPUIPlugin
2019-11-23 18:59:24,053 [INFO] IPUIPlugin:63 - create IPUIPlugin
2019-11-23 18:59:24,053 [INFO] IPUIPlugin:63 - create IPUIPlugin
2019-11-23 18:59:24,054 [INFO] IPUIPlugin:63 - create IPUIPlugin
2019-11-23 18:59:24,054 [INFO] IPUIPlugin:63 - create IPUIPlugin
2019-11-23 18:59:24,055 [INFO] IPUIPlugin:63 - create IPUIPlugin
2019-11-23 18:59:24,055 [INFO] IPUIPlugin:63 - create IPUIPlugin
2019-11-23 18:59:24,055 [INFO] IPUIPlugin:63 - create IPUIPlugin
2019-11-23 18:59:24,056 [INFO] IPUIPlugin:63 - create IPUIPlugin
2019-11-23 18:59:24,056 [INFO] IPUIPlugin:63 - create IPUIPlugin
2019-11-23 18:59:24,057 [INFO] IPUIPlugin:63 - create IPUIPlugin
2019-11-23 18:59:24,058 [INFO] IPUIPlugin:63 - create IPUIPlugin
2019-11-23 18:59:24,058 [INFO] IPUIPlugin:63 - create IPUIPlugin
2019-11-23 18:59:24,058 [INFO] IPUIPlugin:63 - create IPUIPlugin
2019-11-23 18:59:24,059 [INFO] IPUIPlugin:63 - create IPUIPlugin
2019-11-23 18:59:24,059 [INFO] IPUIPlugin:63 - create IPUIPlugin
2019-11-23 18:59:24,066 [INFO] IPUIPlugin:63 - create IPUIPlugin
2019-11-23 18:59:24,067 [INFO] IPUIPlugin:63 - create IPUIPlugin
2019-11-23 18:59:24,067 [INFO] IPUIPlugin:63 - create IPUIPlugin
2019-11-23 18:59:24,068 [INFO] IPUIPlugin:63 - create IPUIPlugin
2019-11-23 18:59:24,069 [INFO] IPUIPlugin:63 - create IPUIPlugin
2019-11-23 18:59:24,069 [INFO] IPUIPlugin:63 - create IPUIPlugin
2019-11-23 18:59:24,070 [INFO] IPUIPlugin:63 - create IPUIPlugin
2019-11-23 18:59:24,070 [INFO] IPUIPlugin:63 - create IPUIPlugin
2019-11-23 18:59:24,070 [INFO] IPUIPlugin:63 - create IPUIPlugin
2019-11-23 18:59:24,071 [INFO] IPUIPlugin:63 - create IPUIPlugin
2019-11-23 18:59:24,072 [INFO] IPUIPlugin:63 - create IPUIPlugin
2019-11-23 18:59:24,072 [INFO] IPUIPlugin:63 - create IPUIPlugin
2019-11-23 18:59:24,072 [INFO] IPUIPlugin:63 - create IPUIPlugin
2019-11-23 18:59:24,073 [INFO] IPUIPlugin:63 - create IPUIPlugin
2019-11-23 18:59:24,074 [INFO] IPUIPlugin:63 - create IPUIPlugin
2019-11-23 18:59:24,074 [INFO] IPUIPlugin:63 - create IPUIPlugin
2019-11-23 18:59:24,075 [INFO] IPUIPlugin:63 - create IPUIPlugin
2019-11-23 18:59:24,092 [WARN] IP:1925 - I2C_Coeff_DF not found: check if there is a RefParameter without a condition.
2019-11-23 18:59:24,092 [WARN] IP:1925 - Analog_Filter not found: check if there is a RefParameter without a condition.
2019-11-23 18:59:24,117 [INFO] I2sManager:616 - 1.6E8
2019-11-23 18:59:24,118 [INFO] I2sManager:173 - I2S Clock Value : 1.6E8
2019-11-23 18:59:24,118 [INFO] I2sManager:510 - AudioClock : 96153Divider : 26Odd : 0
2019-11-23 18:59:24,122 [INFO] I2sManager:616 - 1.6E8
2019-11-23 18:59:24,122 [INFO] I2sManager:173 - I2S Clock Value : 1.6E8
2019-11-23 18:59:24,123 [INFO] I2sManager:510 - AudioClock : 89285Divider : 3Odd : 1
2019-11-23 18:59:24,124 [INFO] BlockDiagram:1827 - stop enableDisableButtons
2019-11-23 18:59:24,153 [INFO] LogOutputStream:76 - [STDOUT_REDIRECT] toolchainItems.length=====1
2019-11-23 18:59:24,311 [INFO] OpenFileManager:289 - Restore cursor
2019-11-23 18:59:24,494 [INFO] ApiDbMcu:445 - Load IP Config File for USB_HOST
2019-11-23 18:59:24,710 [WARN] IP:1925 - I2C_Coeff_DF not found: check if there is a RefParameter without a condition.
2019-11-23 18:59:24,710 [WARN] IP:1925 - Analog_Filter not found: check if there is a RefParameter without a condition.
2019-11-23 18:59:24,712 [WARN] IP:1925 - I2C_Coeff_DF not found: check if there is a RefParameter without a condition.
2019-11-23 18:59:24,712 [WARN] IP:1925 - Analog_Filter not found: check if there is a RefParameter without a condition.
2019-11-23 18:59:24,726 [INFO] BlockDiagram:1827 - stop enableDisableButtons
2019-11-23 18:59:24,781 [INFO] BlockDiagram:1827 - stop enableDisableButtons
2019-11-23 18:59:24,983 [INFO] UtilMem:74 - End SaveConfig() Used Memory: 456779912 Bytes (994050048)
2019-11-23 18:59:25,862 [INFO] ServerAccessManage:348 - Download File stm32cube_fw_f4_v1240.zip
2019-11-23 19:08:49,756 [INFO] FileExtend:210 - Unzip File : stm32cube_fw_f4_v1240.zip
2019-11-23 19:08:49,759 [INFO] FileExtend:225 - Standard Zip Deflate
2019-11-23 19:16:17,145 [INFO] ServerAccessManage:348 - Download File stm32cube_fw_f4_v1241.zip
2019-11-23 19:17:55,093 [INFO] FileExtend:210 - Unzip File : stm32cube_fw_f4_v1241.zip
2019-11-23 19:17:55,097 [INFO] FileExtend:225 - Standard Zip Deflate
2019-11-23 19:17:59,059 [INFO] LoadServerPackagesThread:155 - End of LoadServerPackages Thread
2019-11-23 19:17:59,135 [INFO] CheckServerUpdateThread:92 - End of CheckServer Thread
2019-11-23 19:17:59,152 [INFO] UtilMem:74 - End SaveConfig() Used Memory: 376901952 Bytes (1073741824)
2019-11-23 19:18:00,075 [INFO] BlockDiagram:1871 - set Specific Code input for plugin: SPI
2019-11-23 19:18:00,076 [INFO] BlockDiagram:1871 - set Specific Code input for plugin: USB_OTG_FS
2019-11-23 19:18:00,076 [INFO] BlockDiagram:1871 - set Specific Code input for plugin: NVIC
2019-11-23 19:18:00,076 [INFO] BlockDiagram:1871 - set Specific Code input for plugin: USB_HOST
2019-11-23 19:18:00,077 [INFO] BlockDiagram:1871 - set Specific Code input for plugin: I2S
2019-11-23 19:18:00,077 [INFO] BlockDiagram:1871 - set Specific Code input for plugin: I2S
2019-11-23 19:18:00,077 [INFO] BlockDiagram:1871 - set Specific Code input for plugin: SYS
2019-11-23 19:18:00,078 [INFO] BlockDiagram:1871 - set Specific Code input for plugin: GPIO
2019-11-23 19:18:00,079 [INFO] BlockDiagram:1871 - set Specific Code input for plugin: RCC
2019-11-23 19:18:00,079 [INFO] BlockDiagram:1871 - set Specific Code input for plugin: I2C
2019-11-23 19:18:00,080 [INFO] CodeGenerator:598 - code generatio: config db path: C:\ST\STM32CubeIDE_1.1.0\STM32CubeIDE\plugins\com.st.stm32cube.common.mx_5.4.0.201910091541\\db\
2019-11-23 19:18:00,113 [WARN] IP:1925 - I2C_Coeff_DF not found: check if there is a RefParameter without a condition.
2019-11-23 19:18:00,114 [WARN] IP:1925 - Analog_Filter not found: check if there is a RefParameter without a condition.
2019-11-23 19:18:01,492 [INFO] CodeEngine:193 - oldGeneratedFile, F:\STMCube_Workspace\prueba\MXTmpFiles\license.tmp_save
2019-11-23 19:18:02,207 [INFO] CodeEngine:211 - Generated code: F:\STMCube_Workspace\prueba\MXTmpFiles\license.tmp
2019-11-23 19:18:02,485 [INFO] CodeEngine:193 - oldGeneratedFile, F:\STMCube_Workspace\prueba\MXTmpFiles\gpio.tmp_save
2019-11-23 19:18:02,819 [INFO] CodeEngine:211 - Generated code: F:\STMCube_Workspace\prueba\MXTmpFiles\gpio.tmp
2019-11-23 19:18:02,825 [INFO] LogOutputStream:76 - [STDOUT_REDIRECT] Command line test
2019-11-23 19:18:03,026 [INFO] CodeEngine:193 - oldGeneratedFile, F:\STMCube_Workspace\prueba\MXTmpFiles\usb_otg_fs_vars.tmp_save
2019-11-23 19:18:03,253 [INFO] CodeEngine:211 - Generated code: F:\STMCube_Workspace\prueba\MXTmpFiles\usb_otg_fs_vars.tmp
2019-11-23 19:18:03,308 [INFO] CodeEngine:193 - oldGeneratedFile, F:\STMCube_Workspace\prueba\MXTmpFiles\usb_otg_fs_inc.tmp_save
2019-11-23 19:18:03,535 [INFO] CodeEngine:211 - Generated code: F:\STMCube_Workspace\prueba\MXTmpFiles\usb_otg_fs_inc.tmp
2019-11-23 19:18:03,621 [INFO] CodeEngine:193 - oldGeneratedFile, F:\STMCube_Workspace\prueba\MXTmpFiles\usb_otg_fs_HalInit.tmp_save
2019-11-23 19:18:03,943 [INFO] CodeEngine:211 - Generated code: F:\STMCube_Workspace\prueba\MXTmpFiles\usb_otg_fs_HalInit.tmp
2019-11-23 19:18:04,003 [INFO] CodeEngine:193 - oldGeneratedFile, F:\STMCube_Workspace\prueba\MXTmpFiles\usb_otg_fs_Msp.tmp_save
2019-11-23 19:18:04,295 [INFO] CodeEngine:211 - Generated code: F:\STMCube_Workspace\prueba\MXTmpFiles\usb_otg_fs_Msp.tmp
2019-11-23 19:18:05,019 [INFO] LogOutputStream:76 - [STDOUT_REDIRECT] Command line
2019-11-23 19:18:05,022 [INFO] LogOutputStream:76 - [STDOUT_REDIRECT] Debug : prepare data for I2C
2019-11-23 19:18:05,024 [INFO] LogOutputStream:76 - [STDOUT_REDIRECT] Command line test
2019-11-23 19:18:05,027 [INFO] LogOutputStream:76 - [STDOUT_REDIRECT] Command line
2019-11-23 19:18:05,029 [INFO] LogOutputStream:76 - [STDOUT_REDIRECT] Debug : prepare data for I2S
2019-11-23 19:18:05,032 [INFO] LogOutputStream:76 - [STDOUT_REDIRECT] Command line test
2019-11-23 19:18:05,035 [INFO] LogOutputStream:76 - [STDOUT_REDIRECT] Command line
2019-11-23 19:18:05,037 [INFO] LogOutputStream:76 - [STDOUT_REDIRECT] Debug : prepare data for SPI
2019-11-23 19:18:05,039 [INFO] LogOutputStream:76 - [STDOUT_REDIRECT] Command line test
2019-11-23 19:18:05,042 [INFO] LogOutputStream:76 - [STDOUT_REDIRECT] Command line
2019-11-23 19:18:05,045 [INFO] LogOutputStream:76 - [STDOUT_REDIRECT] Debug : prepare data for SYS
2019-11-23 19:18:05,048 [INFO] LogOutputStream:76 - [STDOUT_REDIRECT] Command line test
2019-11-23 19:18:05,050 [INFO] LogOutputStream:76 - [STDOUT_REDIRECT] Command line
2019-11-23 19:18:05,123 [INFO] CodeEngine:193 - oldGeneratedFile, F:\STMCube_Workspace\prueba\USB_HOST\App\usb_host.c_save
2019-11-23 19:18:05,407 [INFO] CodeEngine:211 - Generated code: F:\STMCube_Workspace\prueba\USB_HOST\App\usb_host.c
2019-11-23 19:18:05,464 [INFO] CodeEngine:193 - oldGeneratedFile, F:\STMCube_Workspace\prueba\USB_HOST\App\usb_host.h_save
2019-11-23 19:18:05,703 [INFO] CodeEngine:211 - Generated code: F:\STMCube_Workspace\prueba\USB_HOST\App\usb_host.h
2019-11-23 19:18:05,762 [INFO] CodeEngine:193 - oldGeneratedFile, F:\STMCube_Workspace\prueba\USB_HOST\Target\usbh_conf.h_save
2019-11-23 19:18:06,004 [INFO] CodeEngine:211 - Generated code: F:\STMCube_Workspace\prueba\USB_HOST\Target\usbh_conf.h
2019-11-23 19:18:06,061 [INFO] CodeEngine:193 - oldGeneratedFile, F:\STMCube_Workspace\prueba\USB_HOST\Target\usbh_conf.c_save
2019-11-23 19:18:06,323 [INFO] CodeEngine:211 - Generated code: F:\STMCube_Workspace\prueba\USB_HOST\Target\usbh_conf.c
2019-11-23 19:18:06,378 [INFO] CodeEngine:193 - oldGeneratedFile, F:\STMCube_Workspace\prueba\USB_HOST\Target\usbh_platform.c_save
2019-11-23 19:18:06,650 [INFO] CodeEngine:211 - Generated code: F:\STMCube_Workspace\prueba\USB_HOST\Target\usbh_platform.c
2019-11-23 19:18:06,712 [INFO] CodeEngine:193 - oldGeneratedFile, F:\STMCube_Workspace\prueba\USB_HOST\Target\usbh_platform.h_save
2019-11-23 19:18:06,940 [INFO] CodeEngine:211 - Generated code: F:\STMCube_Workspace\prueba\USB_HOST\Target\usbh_platform.h
2019-11-23 19:18:06,944 [INFO] LogOutputStream:76 - [STDOUT_REDIRECT] Debug : prepare data for NVIC
2019-11-23 19:18:06,946 [INFO] LogOutputStream:76 - [STDOUT_REDIRECT] Command line test
2019-11-23 19:18:07,009 [INFO] CodeEngine:193 - oldGeneratedFile, F:\STMCube_Workspace\prueba\Core\Src\stm32f4xx_it.c_save
2019-11-23 19:18:07,310 [INFO] CodeEngine:211 - Generated code: F:\STMCube_Workspace\prueba\Core\Src\stm32f4xx_it.c
2019-11-23 19:18:07,362 [INFO] CodeEngine:193 - oldGeneratedFile, F:\STMCube_Workspace\prueba\Core\Inc\stm32f4xx_it.h_save
2019-11-23 19:18:08,675 [INFO] CodeEngine:211 - Generated code: F:\STMCube_Workspace\prueba\Core\Inc\stm32f4xx_it.h
2019-11-23 19:18:08,740 [INFO] CodeEngine:193 - oldGeneratedFile, F:\STMCube_Workspace\prueba\Core\Src\stm32f4xx_hal_msp.c_save
2019-11-23 19:18:09,152 [INFO] CodeEngine:211 - Generated code: F:\STMCube_Workspace\prueba\Core\Src\stm32f4xx_hal_msp.c
2019-11-23 19:18:09,272 [INFO] CodeEngine:193 - oldGeneratedFile, F:\STMCube_Workspace\prueba\MXTmpFiles\system.tmp_save
2019-11-23 19:18:09,461 [INFO] CodeEngine:211 - Generated code: F:\STMCube_Workspace\prueba\MXTmpFiles\system.tmp
2019-11-23 19:18:09,511 [INFO] CodeEngine:193 - oldGeneratedFile, F:\STMCube_Workspace\prueba\Core\Inc\stm32f4xx_hal_conf.h_save
2019-11-23 19:18:09,728 [INFO] CodeEngine:211 - Generated code: F:\STMCube_Workspace\prueba\Core\Inc\stm32f4xx_hal_conf.h
2019-11-23 19:18:09,773 [WARN] IPConfigManager:2673 - IP not found : gpio
2019-11-23 19:18:09,775 [WARN] CodeGenerator:2697 - IP not found : gpio
2019-11-23 19:18:09,829 [INFO] CodeEngine:193 - oldGeneratedFile, F:\STMCube_Workspace\prueba\Core\Inc\main.h_save
2019-11-23 19:18:10,129 [INFO] CodeEngine:211 - Generated code: F:\STMCube_Workspace\prueba\Core\Inc\main.h
2019-11-23 19:18:10,188 [INFO] CodeEngine:193 - oldGeneratedFile, F:\STMCube_Workspace\prueba\Core\Src\main.c_save
2019-11-23 19:18:10,567 [INFO] CodeEngine:211 - Generated code: F:\STMCube_Workspace\prueba\Core\Src\main.c
2019-11-23 19:18:11,805 [INFO] ProjectBuilder:1645 - Time for Copy HAL[1] : 218mS.
2019-11-23 19:18:11,821 [INFO] ProjectBuilder:2206 - Project Generator version: 3.5.2
2019-11-23 19:18:12,311 [INFO] ConfigFileManager:953 - The Die is : DIE431
2019-11-23 19:18:25,825 [INFO] ProjectBuilder:2373 - Time for Generating toolchain IDE Files: 14004mS.
2019-11-23 19:18:25,826 [INFO] ProjectBuilder:1505 - Time for Copy CMSIS : 0mS.
2019-11-23 19:18:25,857 [INFO] ProjectBuilder:1505 - Time for Copy CMSIS : 0mS.
2019-11-23 19:18:39,035 [INFO] BlockDiagram:1827 - stop enableDisableButtons
2019-11-23 19:27:01,479 [INFO] Activator:176 - 


2019-11-23 19:27:01,486 [INFO] Activator:177 - !SESSION log4j initialized
2019-11-25 09:15:00,590 [INFO] Activator:176 - 


2019-11-25 09:15:00,606 [INFO] Activator:177 - !SESSION log4j initialized
2019-11-25 09:24:03,014 [INFO] Activator:176 - 


2019-11-25 09:24:03,014 [INFO] Activator:177 - !SESSION log4j initialized
2019-11-25 09:24:44,431 [INFO] Activator:176 - 


2019-11-25 09:24:44,431 [INFO] Activator:177 - !SESSION log4j initialized
